Removed Pin From Net: NetName=GND Pin=BT1-3
Removed Pin From Net: NetName=GND Pin=BT1-4
Removed Pin From Net: NetName=GND Pin=DZ4-5
Removed Pin From Net: NetName=GND Pin=DZ5-5
Removed Pin From Net: NetName=GND Pin=DZ6-5
Removed Pin From Net: NetName=GND Pin=DZ7-5
Removed Pin From Net: NetName=GND Pin=DZ8-5
Removed Pin From Net: NetName=GND Pin=DZ10-5
Removed Pin From Net: NetName=GND Pin=DZ11-5
Removed Pin From Net: NetName=GND Pin=DZ11-6
Removed Pin From Net: NetName=GND Pin=DZ12-5
Removed Pin From Net: NetName=GND Pin=DZ13-5
Removed Pin From Net: NetName=GND Pin=DZ14-5
Removed Pin From Net: NetName=GND Pin=DZ15-5
Removed Pin From Net: NetName=GND Pin=J1-2
Removed Pin From Net: NetName=GND Pin=J1-3
Removed Pin From Net: NetName=GND Pin=J2-13
Removed Pin From Net: NetName=GND Pin=J2-15
Removed Pin From Net: NetName=GND Pin=J2-17
Removed Pin From Net: NetName=GND Pin=JA1-1
Removed Pin From Net: NetName=GND Pin=JA1-2
Removed Pin From Net: NetName=GND Pin=JA1-15
Removed Pin From Net: NetName=GND Pin=JA1-17
Removed Pin From Net: NetName=GND Pin=RP3-1
Removed Pin From Net: NetName=GND Pin=RP13-5
Removed Pin From Net: NetName=GND Pin=RP22-4
Removed Pin From Net: NetName=GND Pin=RP22-5
Removed Pin From Net: NetName=GND Pin=RP24-1
Removed Pin From Net: NetName=GND Pin=TP1-1
Removed Pin From Net: NetName=GND Pin=TP2-1
Removed Pin From Net: NetName=GND Pin=TP3-1
Removed Pin From Net: NetName=GND Pin=TP4-1
Removed Pin From Net: NetName=GND Pin=U5-2
Removed Pin From Net: NetName=GND Pin=U6-5
Removed Pin From Net: NetName=GND Pin=U10-21
Removed Pin From Net: NetName=GND Pin=U10-22
Removed Pin From Net: NetName=GND Pin=U10-23
Removed Pin From Net: NetName=GND Pin=U10-24
Removed Pin From Net: NetName=GND Pin=U10-38
Removed Pin From Net: NetName=GND Pin=U10-39
Removed Pin From Net: NetName=GND Pin=U10-40
Removed Pin From Net: NetName=GND Pin=U10-47
Removed Pin From Net: NetName=GND Pin=U10-59
Removed Pin From Net: NetName=GND Pin=U10-61
Removed Pin From Net: NetName=GND Pin=U10-87
Removed Pin From Net: NetName=GND Pin=U10-135
Removed Pin From Net: NetName=GND Pin=U10-136
Removed Pin From Net: NetName=GND Pin=U10-137
Removed Pin From Net: NetName=GND Pin=U10-138
Removed Pin From Net: NetName=GND Pin=U13-1
Removed Pin From Net: NetName=GND Pin=U14-9
Removed Pin From Net: NetName=GND Pin=U20-4
Removed Pin From Net: NetName=GND Pin=U21-2
Removed Pin From Net: NetName=GND Pin=U21-3
Removed Pin From Net: NetName=GND Pin=U21-6
Removed Pin From Net: NetName=GND Pin=U21-7
Removed Pin From Net: NetName=GND Pin=U22-9
