Removed Pin From Net: NetName=NetCP14_5 Pin=U10-5
Removed Pin From Net: NetName=NetCP14_6 Pin=U10-6
Removed Pin From Net: NetName=NetCP14_7 Pin=U10-7
Removed Pin From Net: NetName=NetCP14_8 Pin=U10-8
Removed Pin From Net: NetName=SDA Pin=U10-11
Removed Pin From Net: NetName=SCL Pin=U10-12
Removed Pin From Net: NetName=SW104 Pin=U10-13
Removed Pin From Net: NetName=SW103 Pin=U10-14
Removed Pin From Net: NetName=SW102 Pin=U10-15
Removed Pin From Net: NetName=SW101 Pin=U10-16
Removed Pin From Net: NetName=LED_BK Pin=U10-17
Removed Pin From Net: NetName=PWM1 Pin=U10-18
Removed Pin From Net: NetName=LCD-PWM Pin=U10-41
Removed Pin From Net: NetName=V-5V Pin=U10-90
Removed Pin From Net: NetName=V-POW Pin=U10-91
Added Pin To Net: NetName=LCD-PWM Pin=U10-5
Added Pin To Net: NetName=PWM1 Pin=U10-6
Added Pin To Net: NetName=LED_BK Pin=U10-7
Added Pin To Net: NetName=NetCP14_5 Pin=U10-11
Added Pin To Net: NetName=NetCP14_6 Pin=U10-12
Added Pin To Net: NetName=NetCP14_7 Pin=U10-13
Added Pin To Net: NetName=NetCP14_8 Pin=U10-14
Added Pin To Net: NetName=SDA Pin=U10-15
Added Pin To Net: NetName=SCL Pin=U10-16
Added Pin To Net: NetName=SW104 Pin=U10-21
Added Pin To Net: NetName=SW103 Pin=U10-22
Added Pin To Net: NetName=SW102 Pin=U10-23
Added Pin To Net: NetName=SW101 Pin=U10-24
Added Pin To Net: NetName=V-POW Pin=U10-90
Added Pin To Net: NetName=V-5V Pin=U10-91
